
## ---------------------- ##
## Running config.status. ##
## ---------------------- ##

This file was extended by the breve simulation environment config.status 1.9, which was
generated by GNU Autoconf 2.57.  Invocation command line was

  CONFIG_FILES    = 
  CONFIG_HEADERS  = 
  CONFIG_LINKS    = 
  CONFIG_COMMANDS = 
  $ ../config.status 

on stjaerna.local

config.status:647: creating Makefile
config.status:647: creating docBuild/Makefile
config.status:20: error: cannot find input file: docBuild/Makefile.in

## ---------------------- ##
## Running config.status. ##
## ---------------------- ##

This file was extended by the breve simulation environment config.status 1.9, which was
generated by GNU Autoconf 2.57.  Invocation command line was

  CONFIG_FILES    = 
  CONFIG_HEADERS  = 
  CONFIG_LINKS    = 
  CONFIG_COMMANDS = 
  $ ../config.status 

on stjaerna.local

config.status:647: creating Makefile
config.status:647: creating docBuild/Makefile
config.status:20: error: cannot find input file: docBuild/Makefile.in

## ---------------------- ##
## Running config.status. ##
## ---------------------- ##

This file was extended by the breve simulation environment config.status 1.9, which was
generated by GNU Autoconf 2.57.  Invocation command line was

  CONFIG_FILES    = 
  CONFIG_HEADERS  = 
  CONFIG_LINKS    = 
  CONFIG_COMMANDS = 
  $ ../config.status 

on stjaerna.local

config.status:647: creating Makefile
config.status:647: creating docBuild/Makefile
config.status:20: error: cannot find input file: docBuild/Makefile.in

## ---------------------- ##
## Running config.status. ##
## ---------------------- ##

This file was extended by the breve simulation environment config.status 1.9, which was
generated by GNU Autoconf 2.57.  Invocation command line was

  CONFIG_FILES    = 
  CONFIG_HEADERS  = 
  CONFIG_LINKS    = 
  CONFIG_COMMANDS = 
  $ ../config.status 

on stjaerna.local

config.status:647: creating Makefile
config.status:647: creating docBuild/Makefile
config.status:20: error: cannot find input file: docBuild/Makefile.in

## ---------------------- ##
## Running config.status. ##
## ---------------------- ##

This file was extended by the breve simulation environment config.status 1.9, which was
generated by GNU Autoconf 2.57.  Invocation command line was

  CONFIG_FILES    = 
  CONFIG_HEADERS  = 
  CONFIG_LINKS    = 
  CONFIG_COMMANDS = 
  $ ../config.status 

on stjaerna.local

config.status:647: creating Makefile
config.status:647: creating docBuild/Makefile
config.status:20: error: cannot find input file: docBuild/Makefile.in

## ---------------------- ##
## Running config.status. ##
## ---------------------- ##

This file was extended by the breve simulation environment config.status 1.9, which was
generated by GNU Autoconf 2.57.  Invocation command line was

  CONFIG_FILES    = 
  CONFIG_HEADERS  = 
  CONFIG_LINKS    = 
  CONFIG_COMMANDS = 
  $ ../config.status 

on stjaerna.local

config.status:647: creating Makefile
config.status:647: creating docBuild/Makefile
config.status:20: error: cannot find input file: docBuild/Makefile.in

## ---------------------- ##
## Running config.status. ##
## ---------------------- ##

This file was extended by the breve simulation environment config.status 1.9, which was
generated by GNU Autoconf 2.57.  Invocation command line was

  CONFIG_FILES    = 
  CONFIG_HEADERS  = 
  CONFIG_LINKS    = 
  CONFIG_COMMANDS = 
  $ ../config.status 

on stjaerna.local

config.status:647: creating Makefile
config.status:647: creating docBuild/Makefile
config.status:20: error: cannot find input file: docBuild/Makefile.in

## ---------------------- ##
## Running config.status. ##
## ---------------------- ##

This file was extended by the breve simulation environment config.status 1.9, which was
generated by GNU Autoconf 2.57.  Invocation command line was

  CONFIG_FILES    = 
  CONFIG_HEADERS  = 
  CONFIG_LINKS    = 
  CONFIG_COMMANDS = 
  $ ../config.status 

on stjaerna.local

config.status:647: creating Makefile
config.status:647: creating docBuild/Makefile
config.status:20: error: cannot find input file: docBuild/Makefile.in
